<?xml version="1.0" encoding="UTF-8"?>
<testng-results ignored="3" total="4" passed="1" failed="0" skipped="0">
  <reporter-output>
  </reporter-output>
  <suite started-at="2020-11-19T08:39:54 GMT" name="Smoke Test Suite" finished-at="2020-11-19T08:40:05 GMT" duration-ms="10678">
    <groups>
    </groups>
    <test started-at="2020-11-19T08:39:54 GMT" name="User Data Test" finished-at="2020-11-19T08:40:05 GMT" duration-ms="10678">
      <class name="com.autopractice.tests.LoginTest">
        <test-method is-config="true" signature="beforeSuite()[pri:0, instance:com.autopractice.tests.LoginTest@70beb599]" started-at="2020-11-19T08:39:54 GMT" name="beforeSuite" finished-at="2020-11-19T08:39:54 GMT" duration-ms="7" status="PASS">
          <reporter-output>
          </reporter-output>
        </test-method> <!-- beforeSuite -->
        <test-method is-config="true" signature="launchBrowser()[pri:0, instance:com.autopractice.tests.LoginTest@70beb599]" started-at="2020-11-19T08:39:54 GMT" name="launchBrowser" finished-at="2020-11-19T08:40:01 GMT" duration-ms="6103" status="PASS">
          <reporter-output>
          </reporter-output>
        </test-method> <!-- launchBrowser -->
        <test-method is-config="true" signature="init()[pri:0, instance:com.autopractice.tests.LoginTest@70beb599]" started-at="2020-11-19T08:40:01 GMT" name="init" finished-at="2020-11-19T08:40:03 GMT" duration-ms="2271" status="PASS">
          <reporter-output>
          </reporter-output>
        </test-method> <!-- init -->
        <test-method signature="testLoginWithValidCredentials()[pri:0, instance:com.autopractice.tests.LoginTest@70beb599]" started-at="2020-11-19T08:40:03 GMT" name="testLoginWithValidCredentials" description="Validate Login Page with Valid Credentials" finished-at="2020-11-19T08:40:05 GMT" duration-ms="2146" status="PASS">
          <reporter-output>
          </reporter-output>
        </test-method> <!-- testLoginWithValidCredentials -->
        <test-method is-config="true" signature="closeBrowser()[pri:0, instance:com.autopractice.tests.LoginTest@70beb599]" started-at="2020-11-19T08:40:05 GMT" name="closeBrowser" finished-at="2020-11-19T08:40:05 GMT" duration-ms="130" status="PASS">
          <reporter-output>
          </reporter-output>
        </test-method> <!-- closeBrowser -->
      </class> <!-- com.autopractice.tests.LoginTest -->
    </test> <!-- User Data Test -->
  </suite> <!-- Smoke Test Suite -->
</testng-results>
